2020-08-02 09:17:05
!!!  UNKNOWN CRON REQUEST !!!
{"sss":"eee","DOCUMENT_ROOT":"D:\\Andrey\\soccer\\soccer","REMOTE_ADDR":"::1","REMOTE_PORT":"63390","SERVER_SOFTWARE":"PHP 7.3.5 Development Server","SERVER_PROTOCOL":"HTTP\/1.1","SERVER_NAME":"localhost","SERVER_PORT":"9000","REQUEST_URI":"\/api\/cron","REQUEST_METHOD":"POST","SCRIPT_NAME":"\/api\/cron\/index.php","SCRIPT_FILENAME":"D:\\Andrey\\soccer\\soccer\\api\\cron\\index.php","PHP_SELF":"\/api\/cron\/index.php","HTTP_USER_AGENT":"PostmanRuntime\/7.26.2","HTTP_ACCEPT":"*\/*","HTTP_CACHE_CONTROL":"no-cache","HTTP_POSTMAN_TOKEN":"f218b48c-0d4d-4eae-9b3a-9ec116af5f8c","HTTP_HOST":"localhost:9000","HTTP_ACCEPT_ENCODING":"gzip, deflate, br","HTTP_CONNECTION":"keep-alive","CONTENT_TYPE":"application\/x-www-form-urlencoded","HTTP_CONTENT_TYPE":"application\/x-www-form-urlencoded","CONTENT_LENGTH":"7","HTTP_CONTENT_LENGTH":"7","REQUEST_TIME_FLOAT":1596359825.925138,"REQUEST_TIME":1596359825}

2020-07-18 14:25:10
!!!  UNKNOWN CRON REQUEST !!!
{"DOCUMENT_ROOT":"D:\\Andrey\\soccer\\soccer","REMOTE_ADDR":"::1","REMOTE_PORT":"55183","SERVER_SOFTWARE":"PHP 7.3.5 Development Server","SERVER_PROTOCOL":"HTTP\/1.1","SERVER_NAME":"localhost","SERVER_PORT":"9000","REQUEST_URI":"\/php\/cron.php","REQUEST_METHOD":"GET","SCRIPT_NAME":"\/php\/cron.php","SCRIPT_FILENAME":"D:\\Andrey\\soccer\\soccer\\php\\cron.php","PHP_SELF":"\/php\/cron.php","HTTP_HOST":"localhost:9000","HTTP_CONNECTION":"keep-alive","HTTP_CACHE_CONTROL":"max-age=0","HTTP_UPGRADE_INSECURE_REQUESTS":"1","HTTP_USER_AGENT":"Mozilla\/5.0 (Windows NT 10.0; Win64; x64) AppleWebKit\/537.36 (KHTML, like Gecko) Chrome\/83.0.4103.116 Safari\/537.36","HTTP_ACCEPT":"text\/html,application\/xhtml+xml,application\/xml;q=0.9,image\/webp,image\/apng,*\/*;q=0.8,application\/signed-exchange;v=b3;q=0.9","HTTP_SEC_FETCH_SITE":"none","HTTP_SEC_FETCH_MODE":"navigate","HTTP_SEC_FETCH_USER":"?1","HTTP_SEC_FETCH_DEST":"document","HTTP_ACCEPT_ENCODING":"gzip, deflate, br","HTTP_ACCEPT_LANGUAGE":"ru-RU,ru;q=0.9,en-US;q=0.8,en;q=0.7","REQUEST_TIME_FLOAT":1595082310.401135,"REQUEST_TIME":1595082310}

2020-06-14 06:07:13
Cron 1-minute log with error
"ERROR : DB connection failure

2020-06-14 06:06:07
Cron 1-minute log with error
"ERROR : DB connection failure

2020-06-09 18:40:08
Cron 1-minute log
33 trackable games === Game list updated === 13 live games === 11 statistics available === Games update completed OK

2020-06-09 18:35:04
Cron 1-minute log
33 trackable games === Game list updated === 13 live games === 11 statistics available === Games update completed OK

2020-06-09 18:27:09
Cron 1-minute log
33 trackable games === Game list updated === 8 live games === 6 statistics available === Games update completed OK

2020-06-09 17:57:29
Cron 1-minute log
31 trackable games === Game list updated === 10 live games === 8 statistics available === Games update completed OK

2020-06-09 05:05:51
Cron 1-minute log
16 trackable games === Game list updated === 0 live games === Games update completed OK

2020-06-08 17:41:43
Cron 1-minute log
17 trackable games === Game list updated === 3 live games === 3 statistics available === Games update completed OK

2020-06-08 17:36:33
Cron 1-minute log
17 trackable games === Game list updated === 3 live games === 3 statistics available === Games update completed OK

2020-06-08 17:30:01
Cron 1-minute log
27 trackable games === Game list updated === 3 live games === 3 statistics available === Games update completed OK

2020-06-08 17:14:55
Cron 1-minute log
27 trackable games === Game list updated === 2 live games === 2 statistics available === Games update completed OK

2020-06-08 17:10:38
Cron 1-minute log
27 trackable games === Game list updated === 2 live games === 2 statistics available === Games update completed OK

2020-06-08 17:07:14
Cron 1-minute log
27 trackable games === Game list updated === 2 live games === 2 statistics available === Games update completed OK

2020-06-08 16:59:28
Cron 1-minute log
27 trackable games === Game list updated === 2 live games === 1 statistics available === Games update completed OK

2020-06-08 16:53:10
Cron 1-minute log
27 trackable games === Game list updated === 2 live games === 1 statistics available === Games update completed OK

2020-06-08 16:51:16
Cron 1-minute log
27 trackable games === Game list updated === 2 live games === 1 statistics available === Games update completed OK

2020-06-07 18:14:56
1-minute update
OK INFO: 92 trackable games; INFO: Game list updated

2020-06-07 18:14:54
1-minute update
Start

2020-06-07 18:05:31
1-minute update
OK INFO: 91 trackable games; INFO: Game list updated

2020-06-07 18:05:28
1-minute update
Start

2020-06-07 18:02:44
1-minute update
OK INFO: 90 trackable games; INFO: Game list updated

2020-06-07 18:02:41
1-minute update
Start

2020-06-07 18:01:44
1-minute update
OK INFO: 90 trackable games;; INFO: Game list updated;

2020-06-07 18:01:42
1-minute update
Start

2020-06-07 18:00:53
1-minute update
OK INFO: 90 trackable games;

2020-06-07 18:00:51
1-minute update
Start

2020-06-07 17:55:20
1-minute update
OK INFO: 88 trackable games;

2020-06-07 17:55:17
1-minute update
Start

2020-06-07 17:50:58
1-minute update
Failure INFO: 88 trackable games;; ERROR: DB connection failure;

2020-06-07 17:50:55
1-minute update
Start

2020-06-07 17:50:04
1-minute update
OK INFO: 88 trackable games;; ERROR: DB connection failure;

2020-06-07 17:50:02
1-minute update
Start

2020-06-07 17:49:14
1-minute update
OK INFO: 88 trackable games;; ERROR: DB connection failure;

2020-06-07 17:49:12
1-minute update
Start

2020-06-07 17:48:26
1-minute update
OK INFO: 88 trackable games;; ERROR: DB connection failure;

2020-06-07 17:48:24
1-minute update
Start

2020-06-07 17:46:08
1-minute update
Start

2020-06-07 17:45:38
1-minute update
Start

2020-06-07 17:39:27
1-minute update
OK

2020-06-07 17:39:25
1-minute update
Start

2020-06-07 17:38:37
1-minute update
OK

2020-06-07 17:38:35
1-minute update
Start

2020-06-07 17:34:24
1-minute update
OK

2020-06-07 17:34:22
1-minute update
Start

2020-06-07 17:33:29
1-minute update
OK

2020-06-07 17:33:27
1-minute update
Start

2020-06-07 17:32:20
1-minute update
OK

2020-06-07 17:32:18
1-minute update
Start

2020-06-07 17:31:42
1-minute update
OK

2020-06-07 17:31:40
1-minute update
Start

2020-06-07 17:26:59
1-minute update
OK

2020-06-07 17:26:57
1-minute update
Start

2020-06-07 17:26:09
1-minute update
OK

2020-06-07 17:26:07
1-minute update
Start

2020-06-07 17:20:28
1-minute update
OK

2020-06-07 17:20:26
1-minute update
Start

2020-06-07 17:18:12
1-minute update
OK

2020-06-07 17:18:09
1-minute update
Start

2020-06-07 17:15:43
1-minute update
OK

2020-06-07 17:15:41
1-minute update
Start

2020-06-07 17:14:33
1-minute update
OK

2020-06-07 17:14:30
1-minute update
Start

2020-06-07 17:13:50
1-minute update
OK

2020-06-07 17:13:48
1-minute update
Start

2020-06-07 17:11:54
1-minute update
Start

2020-06-07 17:09:50
1-minute update
Start

2020-06-07 08:19:06
1-minute update
OK

2020-06-07 08:19:06
cron
DB connection failure

2020-06-07 08:19:04
1-minute update
Start

2020-06-07 08:18:10
1-minute update
Start

2020-05-31 16:03:25
1-minute update
OK

2020-05-31 16:03:23
game list
69

2020-05-31 16:03:22
server
Local

2020-05-31 16:03:22
run
livescores

2020-05-31 16:03:22
1-minute update
Start

2020-05-31 16:01:45
1-minute update
OK

2020-05-31 16:01:42
game list
69

2020-05-31 16:01:42
server
Local

2020-05-31 16:01:42
run
livescores

2020-05-31 16:01:42
1-minute update
Start

2020-05-31 15:55:23
1-minute update
OK

2020-05-31 15:55:21
game list
69

2020-05-31 15:55:21
1-minute update
Start

2020-05-31 15:40:49
1-minute update
OK

2020-05-31 15:40:46
game list
[{"id":3081619,"url":"\/soccer\/germany\/bundesliga\/borussia-monchengladbach-vs-1-fc-union-berlin\/1-3081619\/","start":1590931800,"host":"Borussia M\u00f6nchengladbach","guest":"1. FC Union Berlin","hostScore":4,"guestScore":1,"time":{"time":"FT","live":false,"min":0,"extra":0,"not_started":0}},{"id":3081626,"url":"\/soccer\/germany\/bundesliga\/sc-paderborn-07-vs-borussia-dortmund\/1-3081626\/","start":1590940800,"host":"SC Paderborn 07","guest":"Borussia Dortmund","hostScore":0,"guestScore":0,"time":{"time":"16:00","live":false,"min":0,"extra":0,"not_started":1}},{"id":3081939,"url":"\/soccer\/germany\/2-bundesliga\/sg-dynamo-dresden-vs-vfb-stuttgart\/1-3081939\/","start":1590924600,"host":"SG Dynamo Dresden","guest":"VfB Stuttgart","hostScore":0,"guestScore":2,"time":{"time":"FT","live":false,"min":0,"extra":0,"not_started":0}},{"id":3081936,"url":"\/soccer\/germany\/2-bundesliga\/1-fc-heidenheim-1846-vs-fc-erzgebirge-aue\/1-3081936\/","start":1590924600,"host":"1. FC Heidenheim 1846","guest":"FC Erzgebirge Aue","hostScore":3,"guestScore":0,"time":{"time":"FT","live":false,"min":0,"extra":0,"not_started":0}},{"id":3081935,"url":"\/soccer\/germany\/2-bundesliga\/hamburger-sv-vs-sv-wehen-wiesbaden\/1-3081935\/","start":1590924600,"host":"Hamburger SV","guest":"SV Wehen Wiesbaden","hostScore":3,"guestScore":2,"time":{"time":"FT","live":false,"min":0,"extra":0,"not_started":0}},{"id":22071845,"url":"\/soccer\/germany\/3-liga\/tsv-1860-munchen-vs-msv-duisburg\/6-22071845\/","start":1590922800,"host":"TSV 1860 M\u00fcnchen","guest":"MSV Duisburg","hostScore":3,"guestScore":2,"time":{"time":"FT","live":false,"min":0,"extra":0,"not_started":0}},{"id":22071847,"url":"\/soccer\/germany\/3-liga\/preussen-munster-vs-hallescher-fc\/6-22071847\/","start":1590926400,"host":"Preu\u00dfen M\u00fcnster","guest":"Hallescher FC","hostScore":4,"guestScore":2,"time":{"time":"FT","live":false,"min":0,"extra":0,"not_started":0}},{"id":22071849,"url":"\/soccer\/germany\/3-liga\/fc-carl-zeiss-jena-vs-chemnitzer-fc\/6-22071849\/","start":1590937200,"host":"FC Carl Zeiss Jena","guest":"Chemnitzer FC","hostScore":0,"guestScore":0,"time":{"time":"37","live":true,"min":37,"extra":0,"not_started":0}},{"id":3330156,"url":"\/soccer\/intl\/club-friendlies\/molde-vs-sogndal\/1-3330156\/","start":1590920100,"host":"Molde","guest":"Sogndal","hostScore":1,"guestScore":2,"time":{"time":"FT","live":false,"min":0,"extra":0,"not_started":0}},{"id":3330096,"url":"\/soccer\/intl\/club-friendlies\/fc-slavoj-olympia-bruntal-vs-hermanice\/1-3330096\/","start":1590930000,"host":"FC Slavoj Olympia Bruntal","guest":"Hermanice","hostScore":2,"guestScore":1,"time":{"time":"FT","live":false,"min":0,"extra":0,"not_started":0}},{"id":3330088,"url":"","start":1590948000,"host":"Breidablik","guest":"Valur","hostScore":0,"guestScore":0,"time":{"time":"18:00","live":false,"min":0,"extra":0,"not_started":1}},{"id":22001791,"url":"\/soccer\/denmark\/sas-ligaen\/esbjerg-fb-vs-aab\/6-22001791\/","start":1590940800,"host":"Esbjerg FB","guest":"AaB","hostScore":0,"guestScore":0,"time":{"time":"16:00","live":false,"min":0,"extra":0,"not_started":1}},{"id":22034719,"url":"\/soccer\/denmark\/viasat-sport-divisionen\/nykoebing-fc-vs-fc-roskilde\/6-22034719\/","start":1590919200,"host":"Nykoebing FC","guest":"FC Roskilde","hostScore":2,"guestScore":2,"time":{"time":"FT","live":false,"min":0,"extra":0,"not_started":0}},{"id":22034717,"url":"\/soccer\/denmark\/viasat-sport-divisionen\/vejle-boldklub-vs-naestved\/6-22034717\/","start":1590926400,"host":"Vejle Boldklub","guest":"Naestved","hostScore":1,"guestScore":1,"time":{"time":"FT","live":false,"min":0,"extra":0,"not_started":0}},{"id":22034713,"url":"\/soccer\/denmark\/viasat-sport-divisionen\/vendsyssel-ff-vs-fredericia\/6-22034713\/","start":1590930000,"host":"Vendsyssel FF","guest":"Fredericia","hostScore":0,"guestScore":1,"time":{"time":"FT","live":false,"min":0,"extra":0,"not_started":0}},{"id":22024139,"url":"\/soccer\/czech-republic\/gambrinus-liga\/teplice-vs-opava\/6-22024139\/","start":1590926400,"host":"Teplice","guest":"Opava","hostScore":2,"guestScore":2,"time":{"time":"FT","live":false,"min":0,"extra":0,"not_started":0}},{"id":22024141,"url":"\/soccer\/czech-republic\/gambrinus-liga\/bohemians-1905-vs-sk-dynamo-ceske-budejovice\/6-22024141\/","start":1590933600,"host":"Bohemians 1905","guest":"SK Dynamo Ceske Budejovice","hostScore":3,"guestScore":1,"time":{"time":"86","live":true,"min":86,"extra":0,"not_started":0}},{"id":22024137,"url":"\/soccer\/czech-republic\/gambrinus-liga\/karvina-vs-sparta-prague\/6-22024137\/","start":1590940800,"host":"Karvina","guest":"Sparta Prague","hostScore":0,"guestScore":0,"time":{"time":"16:00","live":false,"min":0,"extra":0,"not_started":1}},{"id":22030621,"url":"\/soccer\/czech-republic\/druha-liga\/fc-vlasim-vs-sokolov\/6-22030621\/","start":1590937200,"host":"FC Vlasim","guest":"Sokolov","hostScore":1,"guestScore":0,"time":{"time":"43","live":true,"min":43,"extra":0,"not_started":0}},{"id":22030623,"url":"\/soccer\/czech-republic\/druha-liga\/pardubice-vs-usti-nad-labem\/6-22030623\/","start":1590937200,"host":"Pardubice","guest":"Usti nad Labem","hostScore":4,"guestScore":0,"time":{"time":"41","live":true,"min":41,"extra":0,"not_started":0}},{"id":22117871,"url":"\/soccer\/ukraine\/premier-league-championship\/shakhtar-donetsk-vs-dynamo-kyiv\/6-22117871\/","start":1590933600,"host":"Shakhtar Donetsk","guest":"Dynamo Kyiv","hostScore":3,"guestScore":1,"time":{"time":"80","live":true,"min":80,"extra":0,"not_started":0}},{"id":22117893,"url":"","start":1590922800,"host":"Karpaty Lviv","guest":"Mariupol","hostScore":0,"guestScore":0,"time":{"time":"Postp.","live":false,"min":0,"extra":0,"not_started":0}},{"id":22117891,"url":"\/soccer\/ukraine\/premier-league-relegation\/vorskla-poltava-vs-fc-lviv\/6-22117891\/","start":1590922800,"host":"Vorskla Poltava","guest":"FC Lviv","hostScore":1,"guestScore":1,"time":{"time":"FT","live":false,"min":0,"extra":0,"not_started":0}},{"id":21921941,"url":"\/soccer\/poland\/ekstraklasa\/wisla-plock-vs-korona-kielce\/6-21921941\/","start":1590921000,"host":"Wisla Plock","guest":"Korona Kielce","hostScore":1,"guestScore":4,"time":{"time":"FT","live":false,"min":0,"extra":0,"not_started":0}},{"id":21912307,"url":"\/soccer\/poland\/ekstraklasa\/cracovia-vs-jagiellonia-bialystok\/6-21912307\/","start":1590930000,"host":"Cracovia","guest":"Jagiellonia Bialystok","hostScore":0,"guestScore":1,"time":{"time":"FT","live":false,"min":0,"extra":0,"not_started":0}},{"id":21912309,"url":"\/soccer\/poland\/ekstraklasa\/ks-lechia-gdansk-vs-arka-gdynia\/6-21912309\/","start":1590939000,"host":"KS Lechia Gdansk","guest":"Arka Gdynia","hostScore":0,"guestScore":0,"time":{"time":"11","live":true,"min":11,"extra":0,"not_started":0}},{"id":21965339,"url":"\/soccer\/croatia\/fa-cup\/rijeka-vs-nk-osijek\/6-21965339\/","start":1590948900,"host":"Rijeka","guest":"NK Osijek","hostScore":0,"guestScore":0,"time":{"time":"18:15","live":false,"min":0,"extra":0,"not_started":1}},{"id":21981405,"url":"\/soccer\/serbia\/super-liga\/fk-tsc-backa-topola-vs-javor\/6-21981405\/","start":1590939000,"host":"FK Tsc Backa Topola","guest":"Javor","hostScore":1,"guestScore":0,"time":{"time":"11","live":true,"min":11,"extra":0,"not_started":0}},{"id":21981399,"url":"\/soccer\/serbia\/super-liga\/fk-macva-sabac-vs-vozdovac\/6-21981399\/","start":1590946200,"host":"FK Macva Sabac","guest":"Vozdovac","hostScore":0,"guestScore":0,"time":{"time":"17:30","live":false,"min":0,"extra":0,"not_started":1}},{"id":3061054,"url":"","start":1590939000,"host":"FK Zemun","guest":"Kabel Novi Sad","hostScore":0,"guestScore":0,"time":{"time":"15:30","live":false,"min":0,"extra":0,"not_started":1}},{"id":3061053,"url":"","start":1590939000,"host":"Radnicki Pirot","guest":"FK Smederevo 1924","hostScore":0,"guestScore":0,"time":{"time":"15:30","live":false,"min":0,"extra":0,"not_started":1}},{"id":3061059,"url":"","start":1590939000,"host":"Trayal Krusevac","guest":"FK Sindjelic Beograd","hostScore":0,"guestScore":0,"time":{"time":"15:30","live":false,"min":0,"extra":0,"not_started":1}},{"id":21965141,"url":"\/soccer\/hungary\/nb1\/budapest-honved-vs-debrecen\/6-21965141\/","start":1590944100,"host":"Budapest Honved","guest":"Debrecen","hostScore":0,"guestScore":0,"time":{"time":"16:55","live":false,"min":0,"extra":0,"not_started":1}},{"id":21965237,"url":"\/soccer\/hungary\/nb1\/puskas-fc-academy-vs-ferencvaros\/6-21965237\/","start":1590951900,"host":"Puskas FC Academy","guest":"Ferencvaros","hostScore":0,"guestScore":0,"time":{"time":"19:05","live":false,"min":0,"extra":0,"not_started":1}},{"id":22064223,"url":"\/soccer\/belarus\/premier\/energetik-bgu-minsk-vs-fk-vitebsk\/6-22064223\/","start":1590930000,"host":"Energetik Bgu Minsk","guest":"FK Vitebsk","hostScore":3,"guestScore":3,"time":{"time":"FT","live":false,"min":0,"extra":0,"not_started":0}},{"id":22064225,"url":"\/soccer\/belarus\/premier\/bate-borisov-vs-isloch\/6-22064225\/","start":1590937200,"host":"BATE Borisov","guest":"Isloch","hostScore":1,"guestScore":0,"time":{"time":"40","live":true,"min":40,"extra":0,"not_started":0}},{"id":22064227,"url":"\/soccer\/belarus\/premier\/fc-ruh-brest-vs-dynamo-brest\/6-22064227\/","start":1590944400,"host":"FC Ruh Brest","guest":"Dynamo Brest","hostScore":0,"guestScore":0,"time":{"time":"17:00","live":false,"min":0,"extra":0,"not_started":1}},{"id":3301566,"url":"\/soccer\/belarus\/1-league\/arsenal-dzerzhinsk-vs-naftan-novopolotsk\/1-3301566\/","start":1590926400,"host":"Arsenal Dzerzhinsk","guest":"Naftan Novopolotsk","hostScore":4,"guestScore":2,"time":{"time":"FT","live":false,"min":0,"extra":0,"not_started":0}},{"id":3301578,"url":"\/soccer\/belarus\/1-league\/fk-orsha-vs-gomel\/1-3301578\/","start":1590930000,"host":"FK Orsha","guest":"Gomel","hostScore":0,"guestScore":2,"time":{"time":"FT","live":false,"min":0,"extra":0,"not_started":0}},{"id":3301592,"url":"\/soccer\/belarus\/1-league\/fc-smorgon-vs-fc-oshmyany\/1-3301592\/","start":1590933600,"host":"FC Smorgon","guest":"FC Oshmyany","hostScore":1,"guestScore":1,"time":{"time":"82","live":true,"min":82,"extra":0,"not_started":0}},{"id":1102934,"url":"\/soccer\/belarus\/premier-league-women\/bobruichanka-w--vs-fk-minsk-w-\/5-1102934\/","start":1590922800,"host":"Bobruichanka (w)","guest":"FK Minsk (w)","hostScore":0,"guestScore":3,"time":{"time":"FT","live":false,"min":0,"extra":0,"not_started":0}},{"id":1102935,"url":"","start":1590933600,"host":"Dinamo BGU (w)","guest":"Zorka-BDU (w)","hostScore":3,"guestScore":0,"time":{"time":"86","live":true,"min":86,"extra":0,"not_started":0}},{"id":1127733,"url":"\/soccer\/belarus\/reserve-league\/minsk-reserve-vs-slutsk-reserve\/5-1127733\/","start":1590919200,"host":"Minsk Reserve","guest":"Slutsk Reserve","hostScore":3,"guestScore":3,"time":{"time":"FT","live":false,"min":0,"extra":0,"not_started":0}},{"id":3259114,"url":"\/soccer\/estonia\/meistriliiga\/tulevik-viljandi-vs-nomme-jk-kalju\/1-3259114\/","start":1590919200,"host":"Tulevik Viljandi","guest":"Nomme JK Kalju","hostScore":0,"guestScore":6,"time":{"time":"FT","live":false,"min":0,"extra":0,"not_started":0}},{"id":3259153,"url":"\/soccer\/estonia\/meistriliiga\/fci-levadia-vs-paide-linnameeskond\/1-3259153\/","start":1590926400,"host":"FCI Levadia","guest":"Paide Linnameeskond","hostScore":4,"guestScore":1,"time":{"time":"FT","live":false,"min":0,"extra":0,"not_started":0}},{"id":3262213,"url":"","start":1590940800,"host":"Maardu Linnameeskond","guest":"Tammeka U21","hostScore":0,"guestScore":0,"time":{"time":"16:00","live":false,"min":0,"extra":0,"not_started":1}},{"id":3262152,"url":"","start":1590940800,"host":"Paernu Jalgpalliklubi","guest":"FC Kohtla-Jaerve","hostScore":0,"guestScore":0,"time":{"time":"16:00","live":false,"min":0,"extra":0,"not_started":1}},{"id":3101530,"url":"\/soccer\/costa-rica\/clasura\/club-sport-herediano-vs-santos-de-guapiles\/1-3101530\/","start":1590886800,"host":"Club Sport Herediano","guest":"Santos de Guapiles","hostScore":3,"guestScore":1,"time":{"time":"FT","live":false,"min":0,"extra":0,"not_started":0}},{"id":3101531,"url":"","start":1590958800,"host":"Municipal Perez Zeledon","guest":"Limon","hostScore":0,"guestScore":0,"time":{"time":"21:00","live":false,"min":0,"extra":0,"not_started":1}},{"id":3101529,"url":"","start":1590962400,"host":"Deportiva San Carlos","guest":"C.S. Cartagines","hostScore":0,"guestScore":0,"time":{"time":"22:00","live":false,"min":0,"extra":0,"not_started":1}},{"id":3329411,"url":"","start":1590955200,"host":"Guanacasteca","guest":"Sporting San Jose","hostScore":0,"guestScore":0,"time":{"time":"20:00","live":false,"min":0,"extra":0,"not_started":1}},{"id":3329855,"url":"","start":1590883200,"host":"Curridabat FC","guest":"AD Santa Rosa","hostScore":1,"guestScore":1,"time":{"time":"FT","live":false,"min":0,"extra":0,"not_started":0}},{"id":3256586,"url":"\/soccer\/korea-republic\/k-league-1\/fc-seoul-vs-seongnam-fc\/1-3256586\/","start":1590910200,"host":"FC Seoul","guest":"Seongnam FC","hostScore":0,"guestScore":1,"time":{"time":"FT","live":false,"min":0,"extra":0,"not_started":0}},{"id":3256531,"url":"\/soccer\/korea-republic\/k-league-1\/incheon-united-vs-pohang-steelers\/1-3256531\/","start":1590919200,"host":"Incheon United","guest":"Pohang Steelers","hostScore":1,"guestScore":4,"time":{"time":"FT","live":false,"min":0,"extra":0,"not_started":0}},{"id":3268991,"url":"\/soccer\/korea-republic\/k-league-2\/ansan-greeners-vs-jeju-united\/1-3268991\/","start":1590908400,"host":"Ansan Greeners","guest":"Jeju United","hostScore":1,"guestScore":2,"time":{"time":"FT","live":false,"min":0,"extra":0,"not_started":0}},{"id":3268901,"url":"\/soccer\/korea-republic\/k-league-2\/chungnam-asan-fc-vs-seoul-e-land-fc\/1-3268901\/","start":1590917400,"host":"Chungnam Asan FC","guest":"Seoul E-Land FC","hostScore":0,"guestScore":1,"time":{"time":"FT","live":false,"min":0,"extra":0,"not_started":0}},{"id":3268904,"url":"\/soccer\/korea-republic\/k-league-2\/suwon-fc-vs-bucheon-fc-1995\/1-3268904\/","start":1590917400,"host":"Suwon FC","guest":"Bucheon FC 1995","hostScore":1,"guestScore":2,"time":{"time":"FT","live":false,"min":0,"extra":0,"not_started":0}},{"id":1135634,"url":"","start":1590919200,"host":"Binh Duong FC","guest":"FLC Thanh Hoa","hostScore":1,"guestScore":0,"time":{"time":"FT","live":false,"min":0,"extra":0,"not_started":0}},{"id":1135635,"url":"","start":1590919200,"host":"Can Tho","guest":"Binh Phuoc","hostScore":1,"guestScore":0,"time":{"time":"FT","live":false,"min":0,"extra":0,"not_started":0}},{"id":1135629,"url":"\/soccer\/vietnam\/cup\/quang-nam-vs-hong-linh-ha-tinh\/5-1135629\/","start":1590919200,"host":"Quang Nam","guest":"Hong Linh Ha Tinh","hostScore":0,"guestScore":1,"time":{"time":"FT","live":false,"min":0,"extra":0,"not_started":0}},{"id":1135636,"url":"\/soccer\/vietnam\/cup\/ha-noi-fc-vs-dong-thap-cao-lanh\/5-1135636\/","start":1590926400,"host":"Ha Noi FC","guest":"Dong Thap Cao Lanh","hostScore":3,"guestScore":0,"time":{"time":"FT","live":false,"min":0,"extra":0,"not_started":0}},{"id":3328236,"url":"\/soccer\/armenia\/premier-league-championship\/alashkert-fc-vs-ararat\/1-3328236\/","start":1590929100,"host":"Alashkert FC","guest":"Ararat","hostScore":2,"guestScore":1,"time":{"time":"FT","live":false,"min":0,"extra":0,"not_started":0}},{"id":1087300,"url":"\/soccer\/taiwan\/division-a\/tainan-city-vs-taipei-tatung\/5-1087300\/","start":1590912000,"host":"Tainan City","guest":"Taipei Tatung","hostScore":3,"guestScore":1,"time":{"time":"FT","live":false,"min":0,"extra":0,"not_started":0}},{"id":1087301,"url":"","start":1590912000,"host":"Taipower","guest":"Hang Yuen","hostScore":0,"guestScore":0,"time":{"time":"FT","live":false,"min":0,"extra":0,"not_started":0}},{"id":3296123,"url":"","start":1590931800,"host":"Atletico Olympic","guest":"Bujumbura City","hostScore":0,"guestScore":1,"time":{"time":"FT","live":false,"min":0,"extra":0,"not_started":0}},{"id":3296127,"url":"","start":1590931800,"host":"Bumamuru","guest":"Olympic Star","hostScore":0,"guestScore":0,"time":{"time":"ni","live":false,"min":0,"extra":0,"not_started":0}},{"id":3296126,"url":"","start":1590931800,"host":"Kayanza United","guest":"Les Lierres","hostScore":0,"guestScore":0,"time":{"time":"ni","live":false,"min":0,"extra":0,"not_started":0}},{"id":3296122,"url":"","start":1590931800,"host":"Le Messager Ngozi","guest":"BS Dynamic","hostScore":0,"guestScore":0,"time":{"time":"ni","live":false,"min":0,"extra":0,"not_started":0}},{"id":3296125,"url":"","start":1590931800,"host":"Musongati","guest":"LLB Academic FC","hostScore":4,"guestScore":0,"time":{"time":"FT","live":false,"min":0,"extra":0,"not_started":0}}]

2020-05-31 15:40:46
1-minute update
Start

2020-05-31 15:39:47
1-minute update
OK

2020-05-31 15:39:45
game list
[{"id":3081619,"url":"\/soccer\/germany\/bundesliga\/borussia-monchengladbach-vs-1-fc-union-berlin\/1-3081619\/","start":1590931800,"host":"Borussia M\u00f6nchengladbach","guest":"1. FC Union Berlin","hostScore":4,"guestScore":1,"time":{"time":"FT","live":false,"min":0,"extra":0,"not_started":0}},{"id":3081626,"url":"\/soccer\/germany\/bundesliga\/sc-paderborn-07-vs-borussia-dortmund\/1-3081626\/","start":1590940800,"host":"SC Paderborn 07","guest":"Borussia Dortmund","hostScore":0,"guestScore":0,"time":{"time":"16:00","live":false,"min":0,"extra":0,"not_started":1}},{"id":3081939,"url":"\/soccer\/germany\/2-bundesliga\/sg-dynamo-dresden-vs-vfb-stuttgart\/1-3081939\/","start":1590924600,"host":"SG Dynamo Dresden","guest":"VfB Stuttgart","hostScore":0,"guestScore":2,"time":{"time":"FT","live":false,"min":0,"extra":0,"not_started":0}},{"id":3081936,"url":"\/soccer\/germany\/2-bundesliga\/1-fc-heidenheim-1846-vs-fc-erzgebirge-aue\/1-3081936\/","start":1590924600,"host":"1. FC Heidenheim 1846","guest":"FC Erzgebirge Aue","hostScore":3,"guestScore":0,"time":{"time":"FT","live":false,"min":0,"extra":0,"not_started":0}},{"id":3081935,"url":"\/soccer\/germany\/2-bundesliga\/hamburger-sv-vs-sv-wehen-wiesbaden\/1-3081935\/","start":1590924600,"host":"Hamburger SV","guest":"SV Wehen Wiesbaden","hostScore":3,"guestScore":2,"time":{"time":"FT","live":false,"min":0,"extra":0,"not_started":0}},{"id":22071845,"url":"\/soccer\/germany\/3-liga\/tsv-1860-munchen-vs-msv-duisburg\/6-22071845\/","start":1590922800,"host":"TSV 1860 M\u00fcnchen","guest":"MSV Duisburg","hostScore":3,"guestScore":2,"time":{"time":"FT","live":false,"min":0,"extra":0,"not_started":0}},{"id":22071847,"url":"\/soccer\/germany\/3-liga\/preussen-munster-vs-hallescher-fc\/6-22071847\/","start":1590926400,"host":"Preu\u00dfen M\u00fcnster","guest":"Hallescher FC","hostScore":4,"guestScore":2,"time":{"time":"FT","live":false,"min":0,"extra":0,"not_started":0}},{"id":22071849,"url":"\/soccer\/germany\/3-liga\/fc-carl-zeiss-jena-vs-chemnitzer-fc\/6-22071849\/","start":1590937200,"host":"FC Carl Zeiss Jena","guest":"Chemnitzer FC","hostScore":0,"guestScore":0,"time":{"time":"36","live":true,"min":36,"extra":0,"not_started":0}},{"id":3330156,"url":"\/soccer\/intl\/club-friendlies\/molde-vs-sogndal\/1-3330156\/","start":1590920100,"host":"Molde","guest":"Sogndal","hostScore":1,"guestScore":2,"time":{"time":"FT","live":false,"min":0,"extra":0,"not_started":0}},{"id":3330096,"url":"\/soccer\/intl\/club-friendlies\/fc-slavoj-olympia-bruntal-vs-hermanice\/1-3330096\/","start":1590930000,"host":"FC Slavoj Olympia Bruntal","guest":"Hermanice","hostScore":2,"guestScore":1,"time":{"time":"FT","live":false,"min":0,"extra":0,"not_started":0}},{"id":3330088,"url":"","start":1590948000,"host":"Breidablik","guest":"Valur","hostScore":0,"guestScore":0,"time":{"time":"18:00","live":false,"min":0,"extra":0,"not_started":1}},{"id":22001791,"url":"\/soccer\/denmark\/sas-ligaen\/esbjerg-fb-vs-aab\/6-22001791\/","start":1590940800,"host":"Esbjerg FB","guest":"AaB","hostScore":0,"guestScore":0,"time":{"time":"16:00","live":false,"min":0,"extra":0,"not_started":1}},{"id":22034719,"url":"\/soccer\/denmark\/viasat-sport-divisionen\/nykoebing-fc-vs-fc-roskilde\/6-22034719\/","start":1590919200,"host":"Nykoebing FC","guest":"FC Roskilde","hostScore":2,"guestScore":2,"time":{"time":"FT","live":false,"min":0,"extra":0,"not_started":0}},{"id":22034717,"url":"\/soccer\/denmark\/viasat-sport-divisionen\/vejle-boldklub-vs-naestved\/6-22034717\/","start":1590926400,"host":"Vejle Boldklub","guest":"Naestved","hostScore":1,"guestScore":1,"time":{"time":"FT","live":false,"min":0,"extra":0,"not_started":0}},{"id":22034713,"url":"\/soccer\/denmark\/viasat-sport-divisionen\/vendsyssel-ff-vs-fredericia\/6-22034713\/","start":1590930000,"host":"Vendsyssel FF","guest":"Fredericia","hostScore":0,"guestScore":1,"time":{"time":"FT","live":false,"min":0,"extra":0,"not_started":0}},{"id":22024139,"url":"\/soccer\/czech-republic\/gambrinus-liga\/teplice-vs-opava\/6-22024139\/","start":1590926400,"host":"Teplice","guest":"Opava","hostScore":2,"guestScore":2,"time":{"time":"FT","live":false,"min":0,"extra":0,"not_started":0}},{"id":22024141,"url":"\/soccer\/czech-republic\/gambrinus-liga\/bohemians-1905-vs-sk-dynamo-ceske-budejovice\/6-22024141\/","start":1590933600,"host":"Bohemians 1905","guest":"SK Dynamo Ceske Budejovice","hostScore":3,"guestScore":1,"time":{"time":"85","live":true,"min":85,"extra":0,"not_started":0}},{"id":22024137,"url":"\/soccer\/czech-republic\/gambrinus-liga\/karvina-vs-sparta-prague\/6-22024137\/","start":1590940800,"host":"Karvina","guest":"Sparta Prague","hostScore":0,"guestScore":0,"time":{"time":"16:00","live":false,"min":0,"extra":0,"not_started":1}},{"id":22030621,"url":"\/soccer\/czech-republic\/druha-liga\/fc-vlasim-vs-sokolov\/6-22030621\/","start":1590937200,"host":"FC Vlasim","guest":"Sokolov","hostScore":1,"guestScore":0,"time":{"time":"42","live":true,"min":42,"extra":0,"not_started":0}},{"id":22030623,"url":"\/soccer\/czech-republic\/druha-liga\/pardubice-vs-usti-nad-labem\/6-22030623\/","start":1590937200,"host":"Pardubice","guest":"Usti nad Labem","hostScore":3,"guestScore":0,"time":{"time":"40","live":true,"min":40,"extra":0,"not_started":0}},{"id":22117871,"url":"\/soccer\/ukraine\/premier-league-championship\/shakhtar-donetsk-vs-dynamo-kyiv\/6-22117871\/","start":1590933600,"host":"Shakhtar Donetsk","guest":"Dynamo Kyiv","hostScore":3,"guestScore":1,"time":{"time":"80","live":true,"min":80,"extra":0,"not_started":0}},{"id":22117893,"url":"","start":1590922800,"host":"Karpaty Lviv","guest":"Mariupol","hostScore":0,"guestScore":0,"time":{"time":"Postp.","live":false,"min":0,"extra":0,"not_started":0}},{"id":22117891,"url":"\/soccer\/ukraine\/premier-league-relegation\/vorskla-poltava-vs-fc-lviv\/6-22117891\/","start":1590922800,"host":"Vorskla Poltava","guest":"FC Lviv","hostScore":1,"guestScore":1,"time":{"time":"FT","live":false,"min":0,"extra":0,"not_started":0}},{"id":21921941,"url":"\/soccer\/poland\/ekstraklasa\/wisla-plock-vs-korona-kielce\/6-21921941\/","start":1590921000,"host":"Wisla Plock","guest":"Korona Kielce","hostScore":1,"guestScore":4,"time":{"time":"FT","live":false,"min":0,"extra":0,"not_started":0}},{"id":21912307,"url":"\/soccer\/poland\/ekstraklasa\/cracovia-vs-jagiellonia-bialystok\/6-21912307\/","start":1590930000,"host":"Cracovia","guest":"Jagiellonia Bialystok","hostScore":0,"guestScore":1,"time":{"time":"FT","live":false,"min":0,"extra":0,"not_started":0}},{"id":21912309,"url":"\/soccer\/poland\/ekstraklasa\/ks-lechia-gdansk-vs-arka-gdynia\/6-21912309\/","start":1590939000,"host":"KS Lechia Gdansk","guest":"Arka Gdynia","hostScore":0,"guestScore":0,"time":{"time":"10","live":true,"min":10,"extra":0,"not_started":0}},{"id":21965339,"url":"\/soccer\/croatia\/fa-cup\/rijeka-vs-nk-osijek\/6-21965339\/","start":1590948900,"host":"Rijeka","guest":"NK Osijek","hostScore":0,"guestScore":0,"time":{"time":"18:15","live":false,"min":0,"extra":0,"not_started":1}},{"id":21981405,"url":"\/soccer\/serbia\/super-liga\/fk-tsc-backa-topola-vs-javor\/6-21981405\/","start":1590939000,"host":"FK Tsc Backa Topola","guest":"Javor","hostScore":1,"guestScore":0,"time":{"time":"10","live":true,"min":10,"extra":0,"not_started":0}},{"id":21981399,"url":"\/soccer\/serbia\/super-liga\/fk-macva-sabac-vs-vozdovac\/6-21981399\/","start":1590946200,"host":"FK Macva Sabac","guest":"Vozdovac","hostScore":0,"guestScore":0,"time":{"time":"17:30","live":false,"min":0,"extra":0,"not_started":1}},{"id":3061054,"url":"","start":1590939000,"host":"FK Zemun","guest":"Kabel Novi Sad","hostScore":0,"guestScore":0,"time":{"time":"15:30","live":false,"min":0,"extra":0,"not_started":1}},{"id":3061053,"url":"","start":1590939000,"host":"Radnicki Pirot","guest":"FK Smederevo 1924","hostScore":0,"guestScore":0,"time":{"time":"15:30","live":false,"min":0,"extra":0,"not_started":1}},{"id":3061059,"url":"","start":1590939000,"host":"Trayal Krusevac","guest":"FK Sindjelic Beograd","hostScore":0,"guestScore":0,"time":{"time":"15:30","live":false,"min":0,"extra":0,"not_started":1}},{"id":21965141,"url":"\/soccer\/hungary\/nb1\/budapest-honved-vs-debrecen\/6-21965141\/","start":1590944100,"host":"Budapest Honved","guest":"Debrecen","hostScore":0,"guestScore":0,"time":{"time":"16:55","live":false,"min":0,"extra":0,"not_started":1}},{"id":21965237,"url":"\/soccer\/hungary\/nb1\/puskas-fc-academy-vs-ferencvaros\/6-21965237\/","start":1590951900,"host":"Puskas FC Academy","guest":"Ferencvaros","hostScore":0,"guestScore":0,"time":{"time":"19:05","live":false,"min":0,"extra":0,"not_started":1}},{"id":22064223,"url":"\/soccer\/belarus\/premier\/energetik-bgu-minsk-vs-fk-vitebsk\/6-22064223\/","start":1590930000,"host":"Energetik Bgu Minsk","guest":"FK Vitebsk","hostScore":3,"guestScore":3,"time":{"time":"FT","live":false,"min":0,"extra":0,"not_started":0}},{"id":22064225,"url":"\/soccer\/belarus\/premier\/bate-borisov-vs-isloch\/6-22064225\/","start":1590937200,"host":"BATE Borisov","guest":"Isloch","hostScore":0,"guestScore":0,"time":{"time":"39","live":true,"min":39,"extra":0,"not_started":0}},{"id":22064227,"url":"\/soccer\/belarus\/premier\/fc-ruh-brest-vs-dynamo-brest\/6-22064227\/","start":1590944400,"host":"FC Ruh Brest","guest":"Dynamo Brest","hostScore":0,"guestScore":0,"time":{"time":"17:00","live":false,"min":0,"extra":0,"not_started":1}},{"id":3301566,"url":"\/soccer\/belarus\/1-league\/arsenal-dzerzhinsk-vs-naftan-novopolotsk\/1-3301566\/","start":1590926400,"host":"Arsenal Dzerzhinsk","guest":"Naftan Novopolotsk","hostScore":4,"guestScore":2,"time":{"time":"FT","live":false,"min":0,"extra":0,"not_started":0}},{"id":3301578,"url":"\/soccer\/belarus\/1-league\/fk-orsha-vs-gomel\/1-3301578\/","start":1590930000,"host":"FK Orsha","guest":"Gomel","hostScore":0,"guestScore":2,"time":{"time":"FT","live":false,"min":0,"extra":0,"not_started":0}},{"id":3301592,"url":"\/soccer\/belarus\/1-league\/fc-smorgon-vs-fc-oshmyany\/1-3301592\/","start":1590933600,"host":"FC Smorgon","guest":"FC Oshmyany","hostScore":1,"guestScore":1,"time":{"time":"81","live":true,"min":81,"extra":0,"not_started":0}},{"id":1102934,"url":"\/soccer\/belarus\/premier-league-women\/bobruichanka-w--vs-fk-minsk-w-\/5-1102934\/","start":1590922800,"host":"Bobruichanka (w)","guest":"FK Minsk (w)","hostScore":0,"guestScore":3,"time":{"time":"FT","live":false,"min":0,"extra":0,"not_started":0}},{"id":1102935,"url":"","start":1590933600,"host":"Dinamo BGU (w)","guest":"Zorka-BDU (w)","hostScore":3,"guestScore":0,"time":{"time":"85","live":true,"min":85,"extra":0,"not_started":0}},{"id":1127733,"url":"\/soccer\/belarus\/reserve-league\/minsk-reserve-vs-slutsk-reserve\/5-1127733\/","start":1590919200,"host":"Minsk Reserve","guest":"Slutsk Reserve","hostScore":3,"guestScore":3,"time":{"time":"FT","live":false,"min":0,"extra":0,"not_started":0}},{"id":3259114,"url":"\/soccer\/estonia\/meistriliiga\/tulevik-viljandi-vs-nomme-jk-kalju\/1-3259114\/","start":1590919200,"host":"Tulevik Viljandi","guest":"Nomme JK Kalju","hostScore":0,"guestScore":6,"time":{"time":"FT","live":false,"min":0,"extra":0,"not_started":0}},{"id":3259153,"url":"\/soccer\/estonia\/meistriliiga\/fci-levadia-vs-paide-linnameeskond\/1-3259153\/","start":1590926400,"host":"FCI Levadia","guest":"Paide Linnameeskond","hostScore":4,"guestScore":1,"time":{"time":"FT","live":false,"min":0,"extra":0,"not_started":0}},{"id":3262213,"url":"","start":1590940800,"host":"Maardu Linnameeskond","guest":"Tammeka U21","hostScore":0,"guestScore":0,"time":{"time":"16:00","live":false,"min":0,"extra":0,"not_started":1}},{"id":3262152,"url":"","start":1590940800,"host":"Paernu Jalgpalliklubi","guest":"FC Kohtla-Jaerve","hostScore":0,"guestScore":0,"time":{"time":"16:00","live":false,"min":0,"extra":0,"not_started":1}},{"id":3101530,"url":"\/soccer\/costa-rica\/clasura\/club-sport-herediano-vs-santos-de-guapiles\/1-3101530\/","start":1590886800,"host":"Club Sport Herediano","guest":"Santos de Guapiles","hostScore":3,"guestScore":1,"time":{"time":"FT","live":false,"min":0,"extra":0,"not_started":0}},{"id":3101531,"url":"","start":1590958800,"host":"Municipal Perez Zeledon","guest":"Limon","hostScore":0,"guestScore":0,"time":{"time":"21:00","live":false,"min":0,"extra":0,"not_started":1}},{"id":3101529,"url":"","start":1590962400,"host":"Deportiva San Carlos","guest":"C.S. Cartagines","hostScore":0,"guestScore":0,"time":{"time":"22:00","live":false,"min":0,"extra":0,"not_started":1}},{"id":3329411,"url":"","start":1590955200,"host":"Guanacasteca","guest":"Sporting San Jose","hostScore":0,"guestScore":0,"time":{"time":"20:00","live":false,"min":0,"extra":0,"not_started":1}},{"id":3329855,"url":"","start":1590883200,"host":"Curridabat FC","guest":"AD Santa Rosa","hostScore":1,"guestScore":1,"time":{"time":"FT","live":false,"min":0,"extra":0,"not_started":0}},{"id":3256586,"url":"\/soccer\/korea-republic\/k-league-1\/fc-seoul-vs-seongnam-fc\/1-3256586\/","start":1590910200,"host":"FC Seoul","guest":"Seongnam FC","hostScore":0,"guestScore":1,"time":{"time":"FT","live":false,"min":0,"extra":0,"not_started":0}},{"id":3256531,"url":"\/soccer\/korea-republic\/k-league-1\/incheon-united-vs-pohang-steelers\/1-3256531\/","start":1590919200,"host":"Incheon United","guest":"Pohang Steelers","hostScore":1,"guestScore":4,"time":{"time":"FT","live":false,"min":0,"extra":0,"not_started":0}},{"id":3268991,"url":"\/soccer\/korea-republic\/k-league-2\/ansan-greeners-vs-jeju-united\/1-3268991\/","start":1590908400,"host":"Ansan Greeners","guest":"Jeju United","hostScore":1,"guestScore":2,"time":{"time":"FT","live":false,"min":0,"extra":0,"not_started":0}},{"id":3268901,"url":"\/soccer\/korea-republic\/k-league-2\/chungnam-asan-fc-vs-seoul-e-land-fc\/1-3268901\/","start":1590917400,"host":"Chungnam Asan FC","guest":"Seoul E-Land FC","hostScore":0,"guestScore":1,"time":{"time":"FT","live":false,"min":0,"extra":0,"not_started":0}},{"id":3268904,"url":"\/soccer\/korea-republic\/k-league-2\/suwon-fc-vs-bucheon-fc-1995\/1-3268904\/","start":1590917400,"host":"Suwon FC","guest":"Bucheon FC 1995","hostScore":1,"guestScore":2,"time":{"time":"FT","live":false,"min":0,"extra":0,"not_started":0}},{"id":1135634,"url":"","start":1590919200,"host":"Binh Duong FC","guest":"FLC Thanh Hoa","hostScore":1,"guestScore":0,"time":{"time":"FT","live":false,"min":0,"extra":0,"not_started":0}},{"id":1135635,"url":"","start":1590919200,"host":"Can Tho","guest":"Binh Phuoc","hostScore":1,"guestScore":0,"time":{"time":"FT","live":false,"min":0,"extra":0,"not_started":0}},{"id":1135629,"url":"\/soccer\/vietnam\/cup\/quang-nam-vs-hong-linh-ha-tinh\/5-1135629\/","start":1590919200,"host":"Quang Nam","guest":"Hong Linh Ha Tinh","hostScore":0,"guestScore":1,"time":{"time":"FT","live":false,"min":0,"extra":0,"not_started":0}},{"id":1135636,"url":"\/soccer\/vietnam\/cup\/ha-noi-fc-vs-dong-thap-cao-lanh\/5-1135636\/","start":1590926400,"host":"Ha Noi FC","guest":"Dong Thap Cao Lanh","hostScore":3,"guestScore":0,"time":{"time":"FT","live":false,"min":0,"extra":0,"not_started":0}},{"id":3328236,"url":"\/soccer\/armenia\/premier-league-championship\/alashkert-fc-vs-ararat\/1-3328236\/","start":1590929100,"host":"Alashkert FC","guest":"Ararat","hostScore":2,"guestScore":1,"time":{"time":"FT","live":false,"min":0,"extra":0,"not_started":0}},{"id":1087300,"url":"\/soccer\/taiwan\/division-a\/tainan-city-vs-taipei-tatung\/5-1087300\/","start":1590912000,"host":"Tainan City","guest":"Taipei Tatung","hostScore":3,"guestScore":1,"time":{"time":"FT","live":false,"min":0,"extra":0,"not_started":0}},{"id":1087301,"url":"","start":1590912000,"host":"Taipower","guest":"Hang Yuen","hostScore":0,"guestScore":0,"time":{"time":"FT","live":false,"min":0,"extra":0,"not_started":0}},{"id":3296123,"url":"","start":1590931800,"host":"Atletico Olympic","guest":"Bujumbura City","hostScore":0,"guestScore":1,"time":{"time":"FT","live":false,"min":0,"extra":0,"not_started":0}},{"id":3296127,"url":"","start":1590931800,"host":"Bumamuru","guest":"Olympic Star","hostScore":0,"guestScore":0,"time":{"time":"ni","live":false,"min":0,"extra":0,"not_started":0}},{"id":3296126,"url":"","start":1590931800,"host":"Kayanza United","guest":"Les Lierres","hostScore":0,"guestScore":0,"time":{"time":"ni","live":false,"min":0,"extra":0,"not_started":0}},{"id":3296122,"url":"","start":1590931800,"host":"Le Messager Ngozi","guest":"BS Dynamic","hostScore":0,"guestScore":0,"time":{"time":"ni","live":false,"min":0,"extra":0,"not_started":0}},{"id":3296125,"url":"","start":1590931800,"host":"Musongati","guest":"LLB Academic FC","hostScore":4,"guestScore":0,"time":{"time":"FT","live":false,"min":0,"extra":0,"not_started":0}}]

2020-05-31 15:39:44
1-minute update
Start

2020-05-31 15:33:42
1-minute update
Start

2020-05-31 15:26:02
1-minute update
Start

2020-05-24 09:32:23
!!!  UNKNOWN CRON REQUEST !!!
{"DOCUMENT_ROOT":"D:\\Andrey\\soccer\\soccer","REMOTE_ADDR":"::1","REMOTE_PORT":"51923","SERVER_SOFTWARE":"PHP 7.3.5 Development Server","SERVER_PROTOCOL":"HTTP\/1.1","SERVER_NAME":"localhost","SERVER_PORT":"9000","REQUEST_URI":"\/php\/cron.php","REQUEST_METHOD":"GET","SCRIPT_NAME":"\/php\/cron.php","SCRIPT_FILENAME":"D:\\Andrey\\soccer\\soccer\\php\\cron.php","PHP_SELF":"\/php\/cron.php","HTTP_USER_AGENT":"PostmanRuntime\/7.25.0","HTTP_ACCEPT":"*\/*","HTTP_CACHE_CONTROL":"no-cache","HTTP_POSTMAN_TOKEN":"254f709b-2144-4060-bd80-232a0cdbfdca","HTTP_HOST":"localhost:9000","HTTP_ACCEPT_ENCODING":"gzip, deflate, br","HTTP_CONNECTION":"keep-alive","CONTENT_TYPE":"application\/x-www-form-urlencoded","HTTP_CONTENT_TYPE":"application\/x-www-form-urlencoded","CONTENT_LENGTH":"6","HTTP_CONTENT_LENGTH":"6","REQUEST_TIME_FLOAT":1590312743.750206,"REQUEST_TIME":1590312743}

2020-05-24 09:27:44
!!!  UNKNOWN CRON REQUEST !!!
{"DOCUMENT_ROOT":"D:\\Andrey\\soccer\\soccer","REMOTE_ADDR":"::1","REMOTE_PORT":"51698","SERVER_SOFTWARE":"PHP 7.3.5 Development Server","SERVER_PROTOCOL":"HTTP\/1.1","SERVER_NAME":"localhost","SERVER_PORT":"9000","REQUEST_URI":"\/php\/cron.php","REQUEST_METHOD":"GET","SCRIPT_NAME":"\/php\/cron.php","SCRIPT_FILENAME":"D:\\Andrey\\soccer\\soccer\\php\\cron.php","PHP_SELF":"\/php\/cron.php","HTTP_USER_AGENT":"PostmanRuntime\/7.25.0","HTTP_ACCEPT":"*\/*","HTTP_CACHE_CONTROL":"no-cache","HTTP_POSTMAN_TOKEN":"cf2ca152-ee85-4a2e-b459-e91b17bb1128","HTTP_HOST":"localhost:9000","HTTP_ACCEPT_ENCODING":"gzip, deflate, br","HTTP_CONNECTION":"keep-alive","CONTENT_TYPE":"application\/x-www-form-urlencoded","HTTP_CONTENT_TYPE":"application\/x-www-form-urlencoded","CONTENT_LENGTH":"6","HTTP_CONTENT_LENGTH":"6","REQUEST_TIME_FLOAT":1590312464.041376,"REQUEST_TIME":1590312464}

2020-05-23 04:45:10
!!!  UNKNOWN CRON REQUEST !!!
{"DOCUMENT_ROOT":"D:\\Andrey\\soccer\\soccer","REMOTE_ADDR":"::1","REMOTE_PORT":"63557","SERVER_SOFTWARE":"PHP 7.3.5 Development Server","SERVER_PROTOCOL":"HTTP\/1.1","SERVER_NAME":"localhost","SERVER_PORT":"4000","REQUEST_URI":"\/php\/cron.php","REQUEST_METHOD":"GET","SCRIPT_NAME":"\/php\/cron.php","SCRIPT_FILENAME":"D:\\Andrey\\soccer\\soccer\\php\\cron.php","PHP_SELF":"\/php\/cron.php","HTTP_HOST":"localhost:4000","HTTP_CONNECTION":"keep-alive","HTTP_CACHE_CONTROL":"max-age=0","HTTP_UPGRADE_INSECURE_REQUESTS":"1","HTTP_USER_AGENT":"Mozilla\/5.0 (Windows NT 10.0; Win64; x64) AppleWebKit\/537.36 (KHTML, like Gecko) Chrome\/83.0.4103.61 Safari\/537.36","HTTP_ACCEPT":"text\/html,application\/xhtml+xml,application\/xml;q=0.9,image\/webp,image\/apng,*\/*;q=0.8,application\/signed-exchange;v=b3;q=0.9","HTTP_SEC_FETCH_SITE":"none","HTTP_SEC_FETCH_MODE":"navigate","HTTP_SEC_FETCH_USER":"?1","HTTP_SEC_FETCH_DEST":"document","HTTP_ACCEPT_ENCODING":"gzip, deflate, br","HTTP_ACCEPT_LANGUAGE":"ru-RU,ru;q=0.9,en-US;q=0.8,en;q=0.7","REQUEST_TIME_FLOAT":1590209110.541273,"REQUEST_TIME":1590209110}

2020-05-17 13:46:48
!!!  UNKNOWN CRON REQUEST !!!
{"DOCUMENT_ROOT":"D:\\Andrey\\soccer\\soccer","REMOTE_ADDR":"::1","REMOTE_PORT":"56739","SERVER_SOFTWARE":"PHP 7.3.5 Development Server","SERVER_PROTOCOL":"HTTP\/1.1","SERVER_NAME":"localhost","SERVER_PORT":"4000","REQUEST_URI":"\/php\/cron.php","REQUEST_METHOD":"GET","SCRIPT_NAME":"\/php\/cron.php","SCRIPT_FILENAME":"D:\\Andrey\\soccer\\soccer\\php\\cron.php","PHP_SELF":"\/php\/cron.php","HTTP_HOST":"localhost:4000","HTTP_CONNECTION":"keep-alive","HTTP_CACHE_CONTROL":"max-age=0","HTTP_UPGRADE_INSECURE_REQUESTS":"1","HTTP_USER_AGENT":"Mozilla\/5.0 (Windows NT 10.0; Win64; x64) AppleWebKit\/537.36 (KHTML, like Gecko) Chrome\/81.0.4044.138 Safari\/537.36","HTTP_ACCEPT":"text\/html,application\/xhtml+xml,application\/xml;q=0.9,image\/webp,image\/apng,*\/*;q=0.8,application\/signed-exchange;v=b3;q=0.9","HTTP_SEC_FETCH_SITE":"none","HTTP_SEC_FETCH_MODE":"navigate","HTTP_SEC_FETCH_USER":"?1","HTTP_SEC_FETCH_DEST":"document","HTTP_ACCEPT_ENCODING":"gzip, deflate, br","HTTP_ACCEPT_LANGUAGE":"ru-RU,ru;q=0.9,en-US;q=0.8,en;q=0.7","REQUEST_TIME_FLOAT":1589723208.764946,"REQUEST_TIME":1589723208}

2020-05-17 13:04:26
!!!  UNKNOWN CRON REQUEST !!!
{"DOCUMENT_ROOT":"D:\\Andrey\\soccer\\soccer","REMOTE_ADDR":"::1","REMOTE_PORT":"56414","SERVER_SOFTWARE":"PHP 7.3.5 Development Server","SERVER_PROTOCOL":"HTTP\/1.1","SERVER_NAME":"localhost","SERVER_PORT":"4000","REQUEST_URI":"\/php\/cron.php","REQUEST_METHOD":"POST","SCRIPT_NAME":"\/php\/cron.php","SCRIPT_FILENAME":"D:\\Andrey\\soccer\\soccer\\php\\cron.php","PHP_SELF":"\/php\/cron.php","HTTP_USER_AGENT":"PostmanRuntime\/7.24.1","HTTP_ACCEPT":"*\/*","HTTP_CACHE_CONTROL":"no-cache","HTTP_POSTMAN_TOKEN":"18061d97-fb61-4f01-b3d4-8098b31a05ed","HTTP_HOST":"localhost:4000","HTTP_ACCEPT_ENCODING":"gzip, deflate, br","HTTP_CONNECTION":"keep-alive","CONTENT_LENGTH":"0","HTTP_CONTENT_LENGTH":"0","REQUEST_TIME_FLOAT":1589720666.666148,"REQUEST_TIME":1589720666}

2020-05-17 13:04:22
!!!  UNKNOWN CRON REQUEST !!!
{"DOCUMENT_ROOT":"D:\\Andrey\\soccer\\soccer","REMOTE_ADDR":"::1","REMOTE_PORT":"56412","SERVER_SOFTWARE":"PHP 7.3.5 Development Server","SERVER_PROTOCOL":"HTTP\/1.1","SERVER_NAME":"localhost","SERVER_PORT":"4000","REQUEST_URI":"\/php\/cron.php","REQUEST_METHOD":"GET","SCRIPT_NAME":"\/php\/cron.php","SCRIPT_FILENAME":"D:\\Andrey\\soccer\\soccer\\php\\cron.php","PHP_SELF":"\/php\/cron.php","HTTP_USER_AGENT":"PostmanRuntime\/7.24.1","HTTP_ACCEPT":"*\/*","HTTP_CACHE_CONTROL":"no-cache","HTTP_POSTMAN_TOKEN":"633fd9bb-18ab-48b5-a77f-b41eb8a084c6","HTTP_HOST":"localhost:4000","HTTP_ACCEPT_ENCODING":"gzip, deflate, br","HTTP_CONNECTION":"keep-alive","REQUEST_TIME_FLOAT":1589720662.623863,"REQUEST_TIME":1589720662}

2020-05-17 13:03:29
!!!  UNKNOWN CRON REQUEST !!!
{"DOCUMENT_ROOT":"D:\\Andrey\\soccer\\soccer","REMOTE_ADDR":"::1","REMOTE_PORT":"56385","SERVER_SOFTWARE":"PHP 7.3.5 Development Server","SERVER_PROTOCOL":"HTTP\/1.1","SERVER_NAME":"localhost","SERVER_PORT":"4000","REQUEST_URI":"\/php\/cron.php","REQUEST_METHOD":"GET","SCRIPT_NAME":"\/php\/cron.php","SCRIPT_FILENAME":"D:\\Andrey\\soccer\\soccer\\php\\cron.php","PHP_SELF":"\/php\/cron.php","HTTP_HOST":"localhost:4000","HTTP_CONNECTION":"keep-alive","HTTP_CACHE_CONTROL":"max-age=0","HTTP_UPGRADE_INSECURE_REQUESTS":"1","HTTP_USER_AGENT":"Mozilla\/5.0 (Windows NT 10.0; Win64; x64) AppleWebKit\/537.36 (KHTML, like Gecko) Chrome\/81.0.4044.138 Safari\/537.36","HTTP_ACCEPT":"text\/html,application\/xhtml+xml,application\/xml;q=0.9,image\/webp,image\/apng,*\/*;q=0.8,application\/signed-exchange;v=b3;q=0.9","HTTP_SEC_FETCH_SITE":"none","HTTP_SEC_FETCH_MODE":"navigate","HTTP_SEC_FETCH_USER":"?1","HTTP_SEC_FETCH_DEST":"document","HTTP_ACCEPT_ENCODING":"gzip, deflate, br","HTTP_ACCEPT_LANGUAGE":"ru-RU,ru;q=0.9,en-US;q=0.8,en;q=0.7","REQUEST_TIME_FLOAT":1589720609.511389,"REQUEST_TIME":1589720609}

